<?xml version="1.0" encoding="UTF-8"?>
<!-- Generated by org.testng.reporters.JUnitReportReporter -->
<testsuite skipped="2" hostname="LAPTOP-2BKDH2B5" name="org.testing.TestNGSampleProgram" tests="3" failures="0" timestamp="13 Sep 2021 17:04:45 GMT" time="3.226" errors="0">
  <testcase name="testCase01" time="3.226" classname="org.testing.TestNGSampleProgram"/>
  <testcase name="testCase03" classname="org.testing.TestNGSampleProgram">
    <skipped/>
  </testcase> <!-- testCase03 -->
  <testcase name="testCase02" classname="org.testing.TestNGSampleProgram">
    <skipped/>
  </testcase> <!-- testCase02 -->
</testsuite> <!-- org.testing.TestNGSampleProgram -->
